<?xml version="1.0" encoding="UTF-8" standalone="no"?>
<testsuite errors="0" failures="0" name="io.cucumber.core.plugin.JUnitFormatter" skipped="0" tests="3" time="51.026">
    <testcase classname="Complete the Test form feature" name="Next page of login scenario" time="18.054">
        <system-out>
            <![CDATA[Given user is already on login page.........................................passed
When title of login page is Test Project....................................passed
And user enters "Jaya Bharathi" and "12345".................................passed
Then user clicks on login button............................................passed
And user enters into home page..............................................passed
And selects "India" from the text box.......................................passed
And enters users "Guwahati", "saketijayabharathi@gmail.com" and "7989612087".passed
Then save the details and  clicks on logout button..........................passed
Then user quits browser.....................................................passed
]]>
        </system-out>
    </testcase>
    <testcase classname="Complete the Test form feature" name="Next page of login scenario 2" time="16.741">
        <system-out>
            <![CDATA[Given user is already on login page.........................................passed
When title of login page is Test Project....................................passed
And user enters "Parameshwar Rao" and "12345"...............................passed
Then user clicks on login button............................................passed
And user enters into home page..............................................passed
And selects "India" from the text box.......................................passed
And enters users "Andra", "eswarsesu21@gmail.com" and "9502678176"..........passed
Then save the details and  clicks on logout button..........................passed
Then user quits browser.....................................................passed
]]>
        </system-out>
    </testcase>
    <testcase classname="Complete the Test form feature" name="Next page of login scenario 3" time="15.903">
        <system-out>
            <![CDATA[Given user is already on login page.........................................passed
When title of login page is Test Project....................................passed
And user enters "Sivank Jagannath Rao" and "12345"..........................passed
Then user clicks on login button............................................passed
And user enters into home page..............................................passed
And selects "India" from the text box.......................................passed
And enters users "gajuwaka", "saketijayabharathi@gmail.com" and "0123456789".passed
Then save the details and  clicks on logout button..........................passed
Then user quits browser.....................................................passed
]]>
        </system-out>
    </testcase>
</testsuite>
